Determining if the pthread_create exist failed with the following output:
Change Dir: /home/b/carto_ws/cartographer_detailed_comments_ws/src/cartographer_ros/cartographer_ros/cmake-build-debug/CMakeFiles/CMakeTmp

Run Build Command:"/usr/bin/make" "cmTC_4506a/fast"
/usr/bin/make -f CMakeFiles/cmTC_4506a.dir/build.make CMakeFiles/cmTC_4506a.dir/build
make[1]: 进入目录“/home/b/carto_ws/cartographer_detailed_comments_ws/src/cartographer_ros/cartographer_ros/cmake-build-debug/CMakeFiles/CMakeTmp”
Building C object CMakeFiles/cmTC_4506a.dir/CheckSymbolExists.c.o
/usr/bin/cc    -o CMakeFiles/cmTC_4506a.dir/CheckSymbolExists.c.o   -c /home/b/carto_ws/cartographer_detailed_comments_ws/src/cartographer_ros/cartographer_ros/cmake-build-debug/CMakeFiles/CMakeTmp/CheckSymbolExists.c
Linking C executable cmTC_4506a
/usr/bin/cmake -E cmake_link_script CMakeFiles/cmTC_4506a.dir/link.txt --verbose=1
/usr/bin/cc      -rdynamic CMakeFiles/cmTC_4506a.dir/CheckSymbolExists.c.o  -o cmTC_4506a 
CMakeFiles/cmTC_4506a.dir/CheckSymbolExists.c.o：在函数‘main’中：
CheckSymbolExists.c:(.text+0x1b)：对‘pthread_create’未定义的引用
collect2: error: ld returned 1 exit status
CMakeFiles/cmTC_4506a.dir/build.make:97: recipe for target 'cmTC_4506a' failed
make[1]: *** [cmTC_4506a] Error 1
make[1]: 离开目录“/home/b/carto_ws/cartographer_detailed_comments_ws/src/cartographer_ros/cartographer_ros/cmake-build-debug/CMakeFiles/CMakeTmp”
Makefile:126: recipe for target 'cmTC_4506a/fast' failed
make: *** [cmTC_4506a/fast] Error 2

File /home/b/carto_ws/cartographer_detailed_comments_ws/src/cartographer_ros/cartographer_ros/cmake-build-debug/CMakeFiles/CMakeTmp/CheckSymbolExists.c:
/* */
#include <pthread.h>

int main(int argc, char** argv)
{
  (void)argv;
#ifndef pthread_create
  return ((int*)(&pthread_create))[argc];
#else
  (void)argc;
  return 0;
#endif
}

Determining if the function pthread_create exists in the pthreads failed with the following output:
Change Dir: /home/b/carto_ws/cartographer_detailed_comments_ws/src/cartographer_ros/cartographer_ros/cmake-build-debug/CMakeFiles/CMakeTmp

Run Build Command:"/usr/bin/make" "cmTC_2067e/fast"
/usr/bin/make -f CMakeFiles/cmTC_2067e.dir/build.make CMakeFiles/cmTC_2067e.dir/build
make[1]: 进入目录“/home/b/carto_ws/cartographer_detailed_comments_ws/src/cartographer_ros/cartographer_ros/cmake-build-debug/CMakeFiles/CMakeTmp”
Building C object CMakeFiles/cmTC_2067e.dir/CheckFunctionExists.c.o
/usr/bin/cc   -DCHECK_FUNCTION_EXISTS=pthread_create   -o CMakeFiles/cmTC_2067e.dir/CheckFunctionExists.c.o   -c /usr/share/cmake-3.10/Modules/CheckFunctionExists.c
Linking C executable cmTC_2067e
/usr/bin/cmake -E cmake_link_script CMakeFiles/cmTC_2067e.dir/link.txt --verbose=1
/usr/bin/cc  -DCHECK_FUNCTION_EXISTS=pthread_create    -rdynamic CMakeFiles/cmTC_2067e.dir/CheckFunctionExists.c.o  -o cmTC_2067e -lpthreads 
/usr/bin/ld: 找不到 -lpthreads
collect2: error: ld returned 1 exit status
CMakeFiles/cmTC_2067e.dir/build.make:97: recipe for target 'cmTC_2067e' failed
make[1]: *** [cmTC_2067e] Error 1
make[1]: 离开目录“/home/b/carto_ws/cartographer_detailed_comments_ws/src/cartographer_ros/cartographer_ros/cmake-build-debug/CMakeFiles/CMakeTmp”
Makefile:126: recipe for target 'cmTC_2067e/fast' failed
make: *** [cmTC_2067e/fast] Error 2


